# JRE version: Java(TM) SE Runtime Environment 18.9 (11.0.8+10) (build 11.0.8+10-LTS)
# Java VM: Java HotSpot(TM) 64-Bit Server VM 18.9 (11.0.8+10-LTS, mixed mode, tiered, compressed oops, g1 gc, windows-amd64)
Heap:
 garbage-first heap   total 260096K, used 91959K [0x0000000702c00000, 0x0000000800000000)
  region size 1024K, 27 young (27648K), 2 survivors (2048K)
 Metaspace       used 17648K, capacity 18087K, committed 18304K, reserved 1064960K
  class space    used 1705K, capacity 1875K, committed 1920K, reserved 1048576K
GC Heap History (10 events):
Event: 83.168 GC heap before
{Heap before GC invocations=81 (full 0):
 garbage-first heap   total 260096K, used 208559K [0x0000000702c00000, 0x0000000800000000)
  region size 1024K, 91 young (93184K), 1 survivors (1024K)
 Metaspace       used 17614K, capacity 18087K, committed 18304K, reserved 1064960K
  class space    used 1703K, capacity 1875K, committed 1920K, reserved 1048576K
}
Event: 83.169 GC heap after
{Heap after GC invocations=82 (full 0):
 garbage-first heap   total 260096K, used 35512K [0x0000000702c00000, 0x0000000800000000)
  region size 1024K, 1 young (1024K), 1 survivors (1024K)
 Metaspace       used 17614K, capacity 18087K, committed 18304K, reserved 1064960K
  class space    used 1703K, capacity 1875K, committed 1920K, reserved 1048576K
}
Event: 84.847 GC heap before
{Heap before GC invocations=83 (full 0):
 garbage-first heap   total 260096K, used 206520K [0x0000000702c00000, 0x0000000800000000)
  region size 1024K, 89 young (91136K), 1 survivors (1024K)
 Metaspace       used 17614K, capacity 18087K, committed 18304K, reserved 1064960K
  class space    used 1703K, capacity 1875K, committed 1920K, reserved 1048576K
}
Event: 84.848 GC heap after
{Heap after GC invocations=84 (full 0):
 garbage-first heap   total 260096K, used 35592K [0x0000000702c00000, 0x0000000800000000)
  region size 1024K, 2 young (2048K), 2 survivors (2048K)
 Metaspace       used 17614K, capacity 18087K, committed 18304K, reserved 1064960K
  class space    used 1703K, capacity 1875K, committed 1920K, reserved 1048576K
}
Event: 86.830 GC heap before
{Heap before GC invocations=85 (full 0):
 garbage-first heap   total 260096K, used 191240K [0x0000000702c00000, 0x0000000800000000)
  region size 1024K, 76 young (77824K), 2 survivors (2048K)
 Metaspace       used 17638K, capacity 18087K, committed 18304K, reserved 1064960K
  class space    used 1705K, capacity 1875K, committed 1920K, reserved 1048576K
}
Event: 86.831 GC heap after
{Heap after GC invocations=86 (full 0):
 garbage-first heap   total 260096K, used 36026K [0x0000000702c00000, 0x0000000800000000)
  region size 1024K, 2 young (2048K), 2 survivors (2048K)
 Metaspace       used 17638K, capacity 18087K, committed 18304K, reserved 1064960K
  class space    used 1705K, capacity 1875K, committed 1920K, reserved 1048576K
}
Event: 88.450 GC heap before
{Heap before GC invocations=87 (full 0):
 garbage-first heap   total 260096K, used 200890K [0x0000000702c00000, 0x0000000800000000)
  region size 1024K, 85 young (87040K), 2 survivors (2048K)
 Metaspace       used 17640K, capacity 18087K, committed 18304K, reserved 1064960K
  class space    used 1705K, capacity 1875K, committed 1920K, reserved 1048576K
}
Event: 88.456 GC heap after
{Heap after GC invocations=88 (full 0):
 garbage-first heap   total 260096K, used 36016K [0x0000000702c00000, 0x0000000800000000)
  region size 1024K, 2 young (2048K), 2 survivors (2048K)
 Metaspace       used 17640K, capacity 18087K, committed 18304K, reserved 1064960K
  class space    used 1705K, capacity 1875K, committed 1920K, reserved 1048576K
}
Event: 90.001 GC heap before
{Heap before GC invocations=89 (full 0):
 garbage-first heap   total 260096K, used 190640K [0x0000000702c00000, 0x0000000800000000)
  region size 1024K, 75 young (76800K), 2 survivors (2048K)
 Metaspace       used 17648K, capacity 18087K, committed 18304K, reserved 1064960K
  class space    used 1705K, capacity 1875K, committed 1920K, reserved 1048576K
}
Event: 90.006 GC heap after
{Heap after GC invocations=90 (full 0):
 garbage-first heap   total 260096K, used 35639K [0x0000000702c00000, 0x0000000800000000)
  region size 1024K, 2 young (2048K), 2 survivors (2048K)
 Metaspace       used 17648K, capacity 18087K, committed 18304K, reserved 1064960K
  class space    used 1705K, capacity 1875K, committed 1920K, reserved 1048576K
}

